#
# There is insufficient memory for the Java Runtime Environment to continue.
# Native memory allocation (malloc) failed to allocate 1048576 bytes. Error detail: AllocateHeap
# Possible reasons:
#   The system is out of physical RAM or swap space
#   This process is running with CompressedOops enabled, and the Java Heap may be blocking the growth of the native heap
# Possible solutions:
#   Reduce memory load on the system
#   Increase physical memory or swap space
#   Check if swap backing store is full
#   Decrease Java heap size (-Xmx/-Xms)
#   Decrease number of Java threads
#   Decrease Java thread stack sizes (-Xss)
#   Set larger code cache with -XX:ReservedCodeCacheSize=
#   JVM is running with Unscaled Compressed Oops mode in which the Java heap is
#     placed in the first 4GB address space. The Java Heap base address is the
#     maximum limit for the native heap growth. Please use -XX:HeapBaseMinAddress
#     to set the Java Heap base and to place the Java Heap above 4GB virtual address.
# This output file may be truncated or incomplete.
#
#  Out of Memory Error (allocation.cpp:44), pid=29400, tid=19120
#
# JRE version: OpenJDK Runtime Environment Temurin-21.0.10+7 (21.0.10+7) (build 21.0.10+7-LTS)
# Java VM: OpenJDK 64-Bit Server VM Temurin-21.0.10+7 (21.0.10+7-LTS, mixed mode, sharing, tiered, compressed oops, compressed class ptrs, parallel gc, windows-amd64)
# No core dump will be written. Minidumps are not enabled by default on client versions of Windows
#

---------------  S U M M A R Y ------------

Command Line: --add-modules=ALL-SYSTEM --add-opens=java.base/java.util=ALL-UNNAMED --add-opens=java.base/java.lang=ALL-UNNAMED --add-opens=java.base/sun.nio.fs=ALL-UNNAMED -Declipse.application=org.eclipse.jdt.ls.core.id1 -Dosgi.bundles.defaultStartLevel=4 -Declipse.product=org.eclipse.jdt.ls.core.product -Djava.import.generatesMetadataFilesAtProjectRoot=false -DDetectVMInstallationsJob.disabled=true -Dfile.encoding=utf8 -XX:+UseParallelGC -XX:GCTimeRatio=4 -XX:AdaptiveSizePolicyWeight=90 -Dsun.zip.disableMemoryMapping=true -Xmx2G -Xms100m -Xlog:disable -javaagent:c:\Users\Kushumita Mahato\.vscode\extensions\redhat.java-1.53.0-win32-x64\lombok\lombok-1.18.39-4050.jar -XX:+HeapDumpOnOutOfMemoryError -XX:HeapDumpPath=c:\Users\Kushumita Mahato\AppData\Roaming\Code\User\workspaceStorage\df64d780199e1b46cc639553fabf9584\redhat.java -Daether.dependencyCollector.impl=bf c:\Users\Kushumita Mahato\.vscode\extensions\redhat.java-1.53.0-win32-x64\server\plugins\org.eclipse.equinox.launcher_1.7.100.v20251111-0406.jar -configuration c:\Users\Kushumita Mahato\AppData\Roaming\Code\User\globalStorage\redhat.java\1.53.0\config_win -data c:\Users\Kushumita Mahato\AppData\Roaming\Code\User\workspaceStorage\df64d780199e1b46cc639553fabf9584\redhat.java\jdt_ws --pipe=\\.\pipe\lsp-35b3a67b9f12ab3adc511258a2b62d5e-sock

Host: AMD Ryzen 5 5625U with Radeon Graphics         , 12 cores, 7G,  Windows 11 , 64 bit Build 26100 (10.0.26100.7920)
Time: Fri Mar  6 22:19:43 2026 India Standard Time elapsed time: 94614.767960 seconds (1d 2h 16m 54s)

---------------  T H R E A D  ---------------

Current thread (0x000001aafecea8e0):  JavaThread "Attach Listener" daemon [_thread_in_vm, id=19120, stack(0x0000009332f00000,0x0000009333000000) (1024K)]

Stack: [0x0000009332f00000,0x0000009333000000]
Native frames: (J=compiled Java code, j=interpreted, Vv=VM code, C=native code)
V  [jvm.dll+0x6d7a39]
V  [jvm.dll+0x8b4b26]
V  [jvm.dll+0x8b70de]
V  [jvm.dll+0x8b77c3]
V  [jvm.dll+0x284346]
V  [jvm.dll+0xc1277]
V  [jvm.dll+0x6d82e9]
V  [jvm.dll+0x1334a6]
V  [jvm.dll+0x3f857e]
V  [jvm.dll+0x85f59d]
V  [jvm.dll+0x6d626d]
C  [ucrtbase.dll+0x37b0]
C  [KERNEL32.DLL+0x2e8d7]
C  [ntdll.dll+0x8c48c]


---------------  P R O C E S S  ---------------

Threads class SMR info:
_java_thread_list=0x000001aa85700230, length=39, elements={
0x000001aaa532ce00, 0x000001aafece04a0, 0x000001aafece4070, 0x000001aafece7dd0,
0x000001aafecea8e0, 0x000001aafecec4b0, 0x000001aafecf21d0, 0x000001aafed1f980,
0x000001aafed24220, 0x000001aafef2cb10, 0x000001aaff0de910, 0x000001aaff560060,
0x000001aa8428a1e0, 0x000001aa841a99d0, 0x000001aa8407b310, 0x000001aa84100040,
0x000001aa842af020, 0x000001aa844024d0, 0x000001aa84792120, 0x000001aa844501a0,
0x000001aa8444edf0, 0x000001aa84450ec0, 0x000001aa84451550, 0x000001aa86255db0,
0x000001aa86257160, 0x000001aa862577f0, 0x000001aa86257e80, 0x000001aa862598c0,
0x000001aa86259230, 0x000001aa86258510, 0x000001aa86256440, 0x000001aa86258ba0,
0x000001aa86259f50, 0x000001aa86256ad0, 0x000001aa8625a5e0, 0x000001aa8625d3d0,
0x000001aa851456f0, 0x000001aa87ef20b0, 0x000001aa87ef1390
}

Java Threads: ( => current thread )
  0x000001aaa532ce00 JavaThread "main"                              [_thread_blocked, id=17352, stack(0x0000009332800000,0x0000009332900000) (1024K)]
  0x000001aafece04a0 JavaThread "Reference Handler"          daemon [_thread_blocked, id=23928, stack(0x0000009332c00000,0x0000009332d00000) (1024K)]
  0x000001aafece4070 JavaThread "Finalizer"                  daemon [_thread_blocked, id=30296, stack(0x0000009332d00000,0x0000009332e00000) (1024K)]
  0x000001aafece7dd0 JavaThread "Signal Dispatcher"          daemon [_thread_blocked, id=30356, stack(0x0000009332e00000,0x0000009332f00000) (1024K)]
=>0x000001aafecea8e0 JavaThread "Attach Listener"            daemon [_thread_in_vm, id=19120, stack(0x0000009332f00000,0x0000009333000000) (1024K)]
  0x000001aafecec4b0 JavaThread "Service Thread"             daemon [_thread_blocked, id=28208, stack(0x0000009333000000,0x0000009333100000) (1024K)]
  0x000001aafecf21d0 JavaThread "Monitor Deflation Thread"   daemon [_thread_blocked, id=31340, stack(0x0000009333100000,0x0000009333200000) (1024K)]
  0x000001aafed1f980 JavaThread "C2 CompilerThread0"         daemon [_thread_blocked, id=20856, stack(0x0000009333200000,0x0000009333300000) (1024K)]
  0x000001aafed24220 JavaThread "C1 CompilerThread0"         daemon [_thread_blocked, id=15028, stack(0x0000009333300000,0x0000009333400000) (1024K)]
  0x000001aafef2cb10 JavaThread "Common-Cleaner"             daemon [_thread_blocked, id=30656, stack(0x0000009333500000,0x0000009333600000) (1024K)]
  0x000001aaff0de910 JavaThread "Notification Thread"        daemon [_thread_blocked, id=29368, stack(0x0000009333600000,0x0000009333700000) (1024K)]
  0x000001aaff560060 JavaThread "Active Thread: Equinox Container: 5ea9e689-ee4c-456c-8e01-1277163d6629"        [_thread_blocked, id=28228, stack(0x0000009333700000,0x0000009333800000) (1024K)]
  0x000001aa8428a1e0 JavaThread "Refresh Thread: Equinox Container: 5ea9e689-ee4c-456c-8e01-1277163d6629" daemon [_thread_blocked, id=12796, stack(0x0000009333f00000,0x0000009334000000) (1024K)]
  0x000001aa841a99d0 JavaThread "Framework Event Dispatcher: Equinox Container: 5ea9e689-ee4c-456c-8e01-1277163d6629" daemon [_thread_blocked, id=7728, stack(0x0000009334000000,0x0000009334100000) (1024K)]
  0x000001aa8407b310 JavaThread "Start Level: Equinox Container: 5ea9e689-ee4c-456c-8e01-1277163d6629" daemon [_thread_blocked, id=20660, stack(0x0000009334100000,0x0000009334200000) (1024K)]
  0x000001aa84100040 JavaThread "Bundle File Closer"         daemon [_thread_blocked, id=3400, stack(0x0000009334400000,0x0000009334500000) (1024K)]
  0x000001aa842af020 JavaThread "SCR Component Actor"        daemon [_thread_blocked, id=31292, stack(0x0000009334500000,0x0000009334600000) (1024K)]
  0x000001aa844024d0 JavaThread "Worker-JM"                         [_thread_blocked, id=33500, stack(0x0000009333400000,0x0000009333500000) (1024K)]
  0x000001aa84792120 JavaThread "JNA Cleaner"                daemon [_thread_blocked, id=15316, stack(0x0000009334600000,0x0000009334700000) (1024K)]
  0x000001aa844501a0 JavaThread "Java indexing"              daemon [_thread_blocked, id=21848, stack(0x0000009334c00000,0x0000009334d00000) (1024K)]
  0x000001aa8444edf0 JavaThread "Thread-1"                   daemon [_thread_in_native, id=15680, stack(0x0000009335200000,0x0000009335300000) (1024K)]
  0x000001aa84450ec0 JavaThread "Thread-2"                   daemon [_thread_in_native, id=33152, stack(0x0000009335300000,0x0000009335400000) (1024K)]
  0x000001aa84451550 JavaThread "Thread-3"                   daemon [_thread_in_native, id=30744, stack(0x0000009335400000,0x0000009335500000) (1024K)]
  0x000001aa86255db0 JavaThread "Thread-4"                   daemon [_thread_in_native, id=28020, stack(0x0000009335500000,0x0000009335600000) (1024K)]
  0x000001aa86257160 JavaThread "Thread-5"                   daemon [_thread_in_native, id=13080, stack(0x0000009335600000,0x0000009335700000) (1024K)]
  0x000001aa862577f0 JavaThread "Thread-6"                   daemon [_thread_in_native, id=32456, stack(0x0000009335700000,0x0000009335800000) (1024K)]
  0x000001aa86257e80 JavaThread "Thread-7"                   daemon [_thread_in_native, id=27328, stack(0x0000009335800000,0x0000009335900000) (1024K)]
  0x000001aa862598c0 JavaThread "Thread-8"                   daemon [_thread_in_native, id=31612, stack(0x0000009335900000,0x0000009335a00000) (1024K)]
  0x000001aa86259230 JavaThread "Thread-9"                   daemon [_thread_in_native, id=10052, stack(0x0000009335a00000,0x0000009335b00000) (1024K)]
  0x000001aa86258510 JavaThread "Thread-10"                  daemon [_thread_in_native, id=33468, stack(0x0000009335b00000,0x0000009335c00000) (1024K)]
  0x000001aa86256440 JavaThread "Thread-11"                  daemon [_thread_in_native, id=18144, stack(0x0000009335c00000,0x0000009335d00000) (1024K)]
  0x000001aa86258ba0 JavaThread "Thread-12"                  daemon [_thread_in_native, id=9112, stack(0x0000009335d00000,0x0000009335e00000) (1024K)]
  0x000001aa86259f50 JavaThread "Thread-13"                  daemon [_thread_in_native, id=23144, stack(0x0000009335e00000,0x0000009335f00000) (1024K)]
  0x000001aa86256ad0 JavaThread "pool-2-thread-1"                   [_thread_blocked, id=21840, stack(0x0000009335f00000,0x0000009336000000) (1024K)]
  0x000001aa8625a5e0 JavaThread "WorkspaceEventsHandler"            [_thread_blocked, id=26664, stack(0x0000009336100000,0x0000009336200000) (1024K)]
  0x000001aa8625d3d0 JavaThread "pool-1-thread-1"                   [_thread_blocked, id=32000, stack(0x0000009336200000,0x0000009336300000) (1024K)]
  0x000001aa851456f0 JavaThread "Cleaner-0"                  daemon [_thread_blocked, id=29488, stack(0x0000009338500000,0x0000009338600000) (1024K)]
  0x000001aa87ef20b0 JavaThread "Worker-18"                         [_thread_blocked, id=38348, stack(0x0000009334800000,0x0000009334900000) (1024K)]
  0x000001aa87ef1390 JavaThread "Worker-29"                         [_thread_blocked, id=36628, stack(0x0000009332500000,0x0000009332600000) (1024K)]
Total: 39

Other Threads:
  0x000001aaa53ee960 VMThread "VM Thread"                           [id=31824, stack(0x0000009332b00000,0x0000009332c00000) (1024K)]
  0x000001aabbcbc610 WatcherThread "VM Periodic Task Thread"        [id=26724, stack(0x0000009332a00000,0x0000009332b00000) (1024K)]
  0x000001aaa534a870 WorkerThread "GC Thread#0"                     [id=2772, stack(0x0000009332900000,0x0000009332a00000) (1024K)]
  0x000001aaff642fe0 WorkerThread "GC Thread#1"                     [id=28692, stack(0x0000009333800000,0x0000009333900000) (1024K)]
  0x000001aaff39ad40 WorkerThread "GC Thread#2"                     [id=28588, stack(0x0000009333900000,0x0000009333a00000) (1024K)]
  0x000001aaff39b0f0 WorkerThread "GC Thread#3"                     [id=12100, stack(0x0000009333a00000,0x0000009333b00000) (1024K)]
  0x000001aaff39b4a0 WorkerThread "GC Thread#4"                     [id=1800, stack(0x0000009333b00000,0x0000009333c00000) (1024K)]
  0x000001aa84074770 WorkerThread "GC Thread#5"                     [id=31892, stack(0x0000009333c00000,0x0000009333d00000) (1024K)]
  0x000001aaff730580 WorkerThread "GC Thread#6"                     [id=1500, stack(0x0000009333d00000,0x0000009333e00000) (1024K)]
  0x000001aaff72f6c0 WorkerThread "GC Thread#7"                     [id=25200, stack(0x0000009333e00000,0x0000009333f00000) (1024K)]
  0x000001aaff72fe20 WorkerThread "GC Thread#8"                     [id=33684, stack(0x0000009334200000,0x0000009334300000) (1024K)]
  0x000001aaff731090 WorkerThread "GC Thread#9"                     [id=14568, stack(0x0000009334300000,0x0000009334400000) (1024K)]
Total: 12

Threads with active compile tasks:
Total: 0

VM state: not at safepoint (normal execution)

VM Mutex/Monitor currently owned by a thread: None

Heap address: 0x0000000080000000, size: 2048 MB, Compressed Oops mode: 32-bit

CDS archive(s) mapped at: [0x000001aabc000000-0x000001aabcba0000-0x000001aabcba0000), size 12189696, SharedBaseAddress: 0x000001aabc000000, ArchiveRelocationMode: 1.
Compressed class space mapped at: 0x000001aabd000000-0x000001aafd000000, reserved size: 1073741824
Narrow klass base: 0x000001aabc000000, Narrow klass shift: 0, Narrow klass range: 0x100000000

GC Precious Log:
 CardTable entry size: 512
 CPUs: 12 total, 12 available
 Memory: 7528M
 Large Page Support: Disabled
 NUMA Support: Disabled
 Compressed Oops: Enabled (32-bit)
 Alignments: Space 512K, Generation 512K, Heap 2M
 Heap Min Capacity: 100M
 Heap Initial Capacity: 100M
 Heap Max Capacity: 2G
 Pre-touch: Disabled
 Parallel Workers: 10

Heap:
 PSYoungGen      total 3072K, used 1137K [0x00000000d5580000, 0x00000000d5c80000, 0x0000000100000000)
  eden space 2560K, 35% used [0x00000000d5580000,0x00000000d56645a8,0x00000000d5800000)
  from space 512K, 43% used [0x00000000d5c00000,0x00000000d5c38000,0x00000000d5c80000)
  to   space 512K, 0% used [0x00000000d5b80000,0x00000000d5b80000,0x00000000d5c00000)
 ParOldGen       total 380416K, used 379999K [0x0000000080000000, 0x0000000097380000, 0x00000000d5580000)
  object space 380416K, 99% used [0x0000000080000000,0x0000000097317d78,0x0000000097380000)
 Metaspace       used 81065K, committed 82624K, reserved 1179648K
  class space    used 8306K, committed 8960K, reserved 1048576K

Card table byte_map: [0x000001aaa4cd0000,0x000001aaa50e0000] _byte_map_base: 0x000001aaa48d0000

Marking Bits: (ParMarkBitMap*) 0x00007ffe2b823450
 Begin Bits: [0x000001aab77e0000, 0x000001aab97e0000)
 End Bits:   [0x000001aab97e0000, 0x000001aabb7e0000)

Polling page: 0x000001aaa3180000

Metaspace:

Usage:
  Non-class:     71.05 MB used.
      Class:      8.11 MB used.
       Both:     79.17 MB used.

Virtual space:
  Non-class space:      128.00 MB reserved,      71.94 MB ( 56%) committed,  2 nodes.
      Class space:        1.00 GB reserved,       8.75 MB ( <1%) committed,  1 nodes.
             Both:        1.12 GB reserved,      80.69 MB (  7%) committed. 

Chunk freelists:
   Non-Class:  8.12 MB
       Class:  7.17 MB
        Both:  15.29 MB

MaxMetaspaceSize: unlimited
CompressedClassSpaceSize: 1.00 GB
Initial GC threshold: 21.00 MB
Current GC threshold: 129.19 MB
CDS: on
 - commit_granule_bytes: 65536.
 - commit_granule_words: 8192.
 - virtual_space_node_default_size: 8388608.
 - enlarge_chunks_in_place: 1.
 - use_allocation_guard: 0.


Internal statistics:

num_allocs_failed_limit: 11.
num_arena_births: 1570.
num_arena_deaths: 326.
num_vsnodes_births: 3.
num_vsnodes_deaths: 0.
num_space_committed: 1291.
num_space_uncommitted: 0.
num_chunks_returned_to_freelist: 367.
num_chunks_taken_from_freelist: 5650.
num_chunk_merges: 90.
num_chunk_splits: 3210.
num_chunks_enlarged: 1670.
num_inconsistent_stats: 0.

CodeHeap 'non-profiled nmethods': size=120000Kb used=14916Kb max_used=14916Kb free=105083Kb
 bounds [0x000001aab0000000, 0x000001aab0ea0000, 0x000001aab7530000]
CodeHeap 'profiled nmethods': size=120000Kb used=42539Kb max_used=42539Kb free=77460Kb
 bounds [0x000001aaa8530000, 0x000001aaaaec0000, 0x000001aaafa60000]
CodeHeap 'non-nmethods': size=5760Kb used=1507Kb max_used=1569Kb free=4252Kb
 bounds [0x000001aaafa60000, 0x000001aaafcd0000, 0x000001aab0000000]
CodeCache: size=245760Kb, used=58962Kb, max_used=59024Kb, free=186795Kb
 total_blobs=17585, nmethods=16760, adapters=725, full_count=0
Compilation: enabled, stopped_count=0, restarted_count=0

Compilation events (20 events):
Event: 87217.816 Thread 0x000001aafed24220 18383       3       java.io.ObjectStreamField::getSignature (39 bytes)
Event: 87217.819 Thread 0x000001aafed24220 nmethod 18383 0x000001aaaaeb9c90 code [0x000001aaaaeb9e60, 0x000001aaaaeba0a8]
Event: 87217.820 Thread 0x000001aafed24220 18384       3       java.io.ObjectOutputStream$BlockDataOutputStream::writeByte (33 bytes)
Event: 87217.821 Thread 0x000001aafed24220 nmethod 18384 0x000001aaaaeba190 code [0x000001aaaaeba340, 0x000001aaaaeba500]
Event: 87217.918 Thread 0x000001aafed1f980 18385       4       org.eclipse.core.filesystem.provider.FileInfo::getAttribute (65 bytes)
Event: 87217.935 Thread 0x000001aafed1f980 nmethod 18385 0x000001aab0e8e310 code [0x000001aab0e8e4a0, 0x000001aab0e8e5d8]
Event: 87218.097 Thread 0x000001aafed24220 18386       3       org.eclipse.lsp4j.WorkDoneProgressReport::getKind (4 bytes)
Event: 87218.100 Thread 0x000001aafed24220 nmethod 18386 0x000001aaaaeba610 code [0x000001aaaaeba7a0, 0x000001aaaaeba8b8]
Event: 87351.631 Thread 0x000001aafed24220 18387       3       java.util.concurrent.ForkJoinPool::compareAndSetCtl (13 bytes)
Event: 87351.650 Thread 0x000001aafed24220 nmethod 18387 0x000001aaaaeba990 code [0x000001aaaaebab20, 0x000001aaaaebac50]
Event: 88879.387 Thread 0x000001aafed1f980 18388       4       org.eclipse.core.internal.dtree.AbstractDataTreeNode::storeStrings (42 bytes)
Event: 88879.438 Thread 0x000001aafed1f980 nmethod 18388 0x000001aab0e8e790 code [0x000001aab0e8e9e0, 0x000001aab0e8f188]
Event: 88879.438 Thread 0x000001aafed1f980 18389       4       org.eclipse.core.internal.dtree.DataTreeNode::storeStrings (28 bytes)
Event: 88879.444 Thread 0x000001aafed1f980 nmethod 18389 0x000001aab0e8f710 code [0x000001aab0e8f960, 0x000001aab0e900f8]
Event: 90094.310 Thread 0x000001aafed1f980 18390       4       java.util.concurrent.locks.AbstractQueuedSynchronizer$Node::clearStatus (12 bytes)
Event: 90094.319 Thread 0x000001aafed1f980 nmethod 18390 0x000001aab0e90710 code [0x000001aab0e908a0, 0x000001aab0e90930]
Event: 90649.437 Thread 0x000001aafed1f980 18391   !   4       java.util.concurrent.locks.AbstractQueuedSynchronizer::tryInitializeHead (66 bytes)
Event: 90649.455 Thread 0x000001aafed1f980 nmethod 18391 0x000001aab0e90a10 code [0x000001aab0e90ba0, 0x000001aab0e90d58]
Event: 94164.243 Thread 0x000001aafed1f980 18392       4       java.util.concurrent.ScheduledThreadPoolExecutor$ScheduledFutureTask::getDelay (16 bytes)
Event: 94164.261 Thread 0x000001aafed1f980 nmethod 18392 0x000001aab0e90e90 code [0x000001aab0e91020, 0x000001aab0e91178]

GC Heap History (20 events):
Event: 87035.485 GC heap before
{Heap before GC invocations=685 (full 4):
 PSYoungGen      total 3072K, used 2847K [0x00000000d5580000, 0x00000000d5c80000, 0x0000000100000000)
  eden space 2560K, 99% used [0x00000000d5580000,0x00000000d57fffe8,0x00000000d5800000)
  from space 512K, 56% used [0x00000000d5c00000,0x00000000d5c48000,0x00000000d5c80000)
  to   space 512K, 0% used [0x00000000d5b80000,0x00000000d5b80000,0x00000000d5c00000)
 ParOldGen       total 378880K, used 378489K [0x0000000080000000, 0x0000000097200000, 0x00000000d5580000)
  object space 378880K, 99% used [0x0000000080000000,0x000000009719e778,0x0000000097200000)
 Metaspace       used 81029K, committed 82560K, reserved 1179648K
  class space    used 8306K, committed 8960K, reserved 1048576K
}
Event: 87035.491 GC heap after
{Heap after GC invocations=685 (full 4):
 PSYoungGen      total 3072K, used 496K [0x00000000d5580000, 0x00000000d5c80000, 0x0000000100000000)
  eden space 2560K, 0% used [0x00000000d5580000,0x00000000d5580000,0x00000000d5800000)
  from space 512K, 96% used [0x00000000d5b80000,0x00000000d5bfc010,0x00000000d5c00000)
  to   space 512K, 0% used [0x00000000d5c00000,0x00000000d5c00000,0x00000000d5c80000)
 ParOldGen       total 378880K, used 378771K [0x0000000080000000, 0x0000000097200000, 0x00000000d5580000)
  object space 378880K, 99% used [0x0000000080000000,0x00000000971e4e98,0x0000000097200000)
 Metaspace       used 81029K, committed 82560K, reserved 1179648K
  class space    used 8306K, committed 8960K, reserved 1048576K
}
Event: 87035.721 GC heap before
{Heap before GC invocations=686 (full 4):
 PSYoungGen      total 3072K, used 3056K [0x00000000d5580000, 0x00000000d5c80000, 0x0000000100000000)
  eden space 2560K, 100% used [0x00000000d5580000,0x00000000d5800000,0x00000000d5800000)
  from space 512K, 96% used [0x00000000d5b80000,0x00000000d5bfc010,0x00000000d5c00000)
  to   space 512K, 0% used [0x00000000d5c00000,0x00000000d5c00000,0x00000000d5c80000)
 ParOldGen       total 378880K, used 378771K [0x0000000080000000, 0x0000000097200000, 0x00000000d5580000)
  object space 378880K, 99% used [0x0000000080000000,0x00000000971e4e98,0x0000000097200000)
 Metaspace       used 81029K, committed 82560K, reserved 1179648K
  class space    used 8306K, committed 8960K, reserved 1048576K
}
Event: 87035.727 GC heap after
{Heap after GC invocations=686 (full 4):
 PSYoungGen      total 3072K, used 496K [0x00000000d5580000, 0x00000000d5c80000, 0x0000000100000000)
  eden space 2560K, 0% used [0x00000000d5580000,0x00000000d5580000,0x00000000d5800000)
  from space 512K, 96% used [0x00000000d5c00000,0x00000000d5c7c010,0x00000000d5c80000)
  to   space 1024K, 0% used [0x00000000d5a80000,0x00000000d5a80000,0x00000000d5b80000)
 ParOldGen       total 379392K, used 379274K [0x0000000080000000, 0x0000000097280000, 0x00000000d5580000)
  object space 379392K, 99% used [0x0000000080000000,0x00000000972628e8,0x0000000097280000)
 Metaspace       used 81029K, committed 82560K, reserved 1179648K
  class space    used 8306K, committed 8960K, reserved 1048576K
}
Event: 87036.011 GC heap before
{Heap before GC invocations=687 (full 4):
 PSYoungGen      total 3072K, used 3052K [0x00000000d5580000, 0x00000000d5c80000, 0x0000000100000000)
  eden space 2560K, 99% used [0x00000000d5580000,0x00000000d57ff158,0x00000000d5800000)
  from space 512K, 96% used [0x00000000d5c00000,0x00000000d5c7c010,0x00000000d5c80000)
  to   space 1024K, 0% used [0x00000000d5a80000,0x00000000d5a80000,0x00000000d5b80000)
 ParOldGen       total 379392K, used 379274K [0x0000000080000000, 0x0000000097280000, 0x00000000d5580000)
  object space 379392K, 99% used [0x0000000080000000,0x00000000972628e8,0x0000000097280000)
 Metaspace       used 81029K, committed 82560K, reserved 1179648K
  class space    used 8306K, committed 8960K, reserved 1048576K
}
Event: 87036.015 GC heap after
{Heap after GC invocations=687 (full 4):
 PSYoungGen      total 3584K, used 192K [0x00000000d5580000, 0x00000000d5c80000, 0x0000000100000000)
  eden space 2560K, 0% used [0x00000000d5580000,0x00000000d5580000,0x00000000d5800000)
  from space 1024K, 18% used [0x00000000d5a80000,0x00000000d5ab0000,0x00000000d5b80000)
  to   space 512K, 0% used [0x00000000d5c00000,0x00000000d5c00000,0x00000000d5c80000)
 ParOldGen       total 379392K, used 379370K [0x0000000080000000, 0x0000000097280000, 0x00000000d5580000)
  object space 379392K, 99% used [0x0000000080000000,0x000000009727a8e8,0x0000000097280000)
 Metaspace       used 81029K, committed 82560K, reserved 1179648K
  class space    used 8306K, committed 8960K, reserved 1048576K
}
Event: 87036.641 GC heap before
{Heap before GC invocations=688 (full 4):
 PSYoungGen      total 3584K, used 2752K [0x00000000d5580000, 0x00000000d5c80000, 0x0000000100000000)
  eden space 2560K, 100% used [0x00000000d5580000,0x00000000d5800000,0x00000000d5800000)
  from space 1024K, 18% used [0x00000000d5a80000,0x00000000d5ab0000,0x00000000d5b80000)
  to   space 512K, 0% used [0x00000000d5c00000,0x00000000d5c00000,0x00000000d5c80000)
 ParOldGen       total 379392K, used 379370K [0x0000000080000000, 0x0000000097280000, 0x00000000d5580000)
  object space 379392K, 99% used [0x0000000080000000,0x000000009727a8e8,0x0000000097280000)
 Metaspace       used 81030K, committed 82560K, reserved 1179648K
  class space    used 8306K, committed 8960K, reserved 1048576K
}
Event: 87036.643 GC heap after
{Heap after GC invocations=688 (full 4):
 PSYoungGen      total 3072K, used 320K [0x00000000d5580000, 0x00000000d5c80000, 0x0000000100000000)
  eden space 2560K, 0% used [0x00000000d5580000,0x00000000d5580000,0x00000000d5800000)
  from space 512K, 62% used [0x00000000d5c00000,0x00000000d5c50000,0x00000000d5c80000)
  to   space 512K, 0% used [0x00000000d5b80000,0x00000000d5b80000,0x00000000d5c00000)
 ParOldGen       total 379392K, used 379378K [0x0000000080000000, 0x0000000097280000, 0x00000000d5580000)
  object space 379392K, 99% used [0x0000000080000000,0x000000009727c8e8,0x0000000097280000)
 Metaspace       used 81030K, committed 82560K, reserved 1179648K
  class space    used 8306K, committed 8960K, reserved 1048576K
}
Event: 87038.930 GC heap before
{Heap before GC invocations=689 (full 4):
 PSYoungGen      total 3072K, used 2880K [0x00000000d5580000, 0x00000000d5c80000, 0x0000000100000000)
  eden space 2560K, 100% used [0x00000000d5580000,0x00000000d5800000,0x00000000d5800000)
  from space 512K, 62% used [0x00000000d5c00000,0x00000000d5c50000,0x00000000d5c80000)
  to   space 512K, 0% used [0x00000000d5b80000,0x00000000d5b80000,0x00000000d5c00000)
 ParOldGen       total 379392K, used 379378K [0x0000000080000000, 0x0000000097280000, 0x00000000d5580000)
  object space 379392K, 99% used [0x0000000080000000,0x000000009727c8e8,0x0000000097280000)
 Metaspace       used 81041K, committed 82560K, reserved 1179648K
  class space    used 8306K, committed 8960K, reserved 1048576K
}
Event: 87038.933 GC heap after
{Heap after GC invocations=689 (full 4):
 PSYoungGen      total 3072K, used 256K [0x00000000d5580000, 0x00000000d5c80000, 0x0000000100000000)
  eden space 2560K, 0% used [0x00000000d5580000,0x00000000d5580000,0x00000000d5800000)
  from space 512K, 50% used [0x00000000d5b80000,0x00000000d5bc0000,0x00000000d5c00000)
  to   space 512K, 0% used [0x00000000d5c00000,0x00000000d5c00000,0x00000000d5c80000)
 ParOldGen       total 379904K, used 379434K [0x0000000080000000, 0x0000000097300000, 0x00000000d5580000)
  object space 379904K, 99% used [0x0000000080000000,0x000000009728a8e8,0x0000000097300000)
 Metaspace       used 81041K, committed 82560K, reserved 1179648K
  class space    used 8306K, committed 8960K, reserved 1048576K
}
Event: 87039.976 GC heap before
{Heap before GC invocations=690 (full 4):
 PSYoungGen      total 3072K, used 2816K [0x00000000d5580000, 0x00000000d5c80000, 0x0000000100000000)
  eden space 2560K, 100% used [0x00000000d5580000,0x00000000d5800000,0x00000000d5800000)
  from space 512K, 50% used [0x00000000d5b80000,0x00000000d5bc0000,0x00000000d5c00000)
  to   space 512K, 0% used [0x00000000d5c00000,0x00000000d5c00000,0x00000000d5c80000)
 ParOldGen       total 379904K, used 379434K [0x0000000080000000, 0x0000000097300000, 0x00000000d5580000)
  object space 379904K, 99% used [0x0000000080000000,0x000000009728a8e8,0x0000000097300000)
 Metaspace       used 81049K, committed 82624K, reserved 1179648K
  class space    used 8306K, committed 8960K, reserved 1048576K
}
Event: 87039.979 GC heap after
{Heap after GC invocations=690 (full 4):
 PSYoungGen      total 3072K, used 496K [0x00000000d5580000, 0x00000000d5c80000, 0x0000000100000000)
  eden space 2560K, 0% used [0x00000000d5580000,0x00000000d5580000,0x00000000d5800000)
  from space 512K, 96% used [0x00000000d5c00000,0x00000000d5c7c010,0x00000000d5c80000)
  to   space 1024K, 0% used [0x00000000d5a80000,0x00000000d5a80000,0x00000000d5b80000)
 ParOldGen       total 379904K, used 379474K [0x0000000080000000, 0x0000000097300000, 0x00000000d5580000)
  object space 379904K, 99% used [0x0000000080000000,0x00000000972948e8,0x0000000097300000)
 Metaspace       used 81049K, committed 82624K, reserved 1179648K
  class space    used 8306K, committed 8960K, reserved 1048576K
}
Event: 87040.096 GC heap before
{Heap before GC invocations=691 (full 4):
 PSYoungGen      total 3072K, used 3053K [0x00000000d5580000, 0x00000000d5c80000, 0x0000000100000000)
  eden space 2560K, 99% used [0x00000000d5580000,0x00000000d57ff460,0x00000000d5800000)
  from space 512K, 96% used [0x00000000d5c00000,0x00000000d5c7c010,0x00000000d5c80000)
  to   space 1024K, 0% used [0x00000000d5a80000,0x00000000d5a80000,0x00000000d5b80000)
 ParOldGen       total 379904K, used 379474K [0x0000000080000000, 0x0000000097300000, 0x00000000d5580000)
  object space 379904K, 99% used [0x0000000080000000,0x00000000972948e8,0x0000000097300000)
 Metaspace       used 81049K, committed 82624K, reserved 1179648K
  class space    used 8306K, committed 8960K, reserved 1048576K
}
Event: 87040.098 GC heap after
{Heap after GC invocations=691 (full 4):
 PSYoungGen      total 3584K, used 128K [0x00000000d5580000, 0x00000000d5c80000, 0x0000000100000000)
  eden space 2560K, 0% used [0x00000000d5580000,0x00000000d5580000,0x00000000d5800000)
  from space 1024K, 12% used [0x00000000d5a80000,0x00000000d5aa0000,0x00000000d5b80000)
  to   space 512K, 0% used [0x00000000d5c00000,0x00000000d5c00000,0x00000000d5c80000)
 ParOldGen       total 380416K, used 379911K [0x0000000080000000, 0x0000000097380000, 0x00000000d5580000)
  object space 380416K, 99% used [0x0000000080000000,0x0000000097301d78,0x0000000097380000)
 Metaspace       used 81049K, committed 82624K, reserved 1179648K
  class space    used 8306K, committed 8960K, reserved 1048576K
}
Event: 87040.118 GC heap before
{Heap before GC invocations=692 (full 4):
 PSYoungGen      total 3584K, used 2688K [0x00000000d5580000, 0x00000000d5c80000, 0x0000000100000000)
  eden space 2560K, 100% used [0x00000000d5580000,0x00000000d5800000,0x00000000d5800000)
  from space 1024K, 12% used [0x00000000d5a80000,0x00000000d5aa0000,0x00000000d5b80000)
  to   space 512K, 0% used [0x00000000d5c00000,0x00000000d5c00000,0x00000000d5c80000)
 ParOldGen       total 380416K, used 379911K [0x0000000080000000, 0x0000000097380000, 0x00000000d5580000)
  object space 380416K, 99% used [0x0000000080000000,0x0000000097301d78,0x0000000097380000)
 Metaspace       used 81053K, committed 82624K, reserved 1179648K
  class space    used 8306K, committed 8960K, reserved 1048576K
}
Event: 87040.125 GC heap after
{Heap after GC invocations=692 (full 4):
 PSYoungGen      total 3072K, used 432K [0x00000000d5580000, 0x00000000d5c80000, 0x0000000100000000)
  eden space 2560K, 0% used [0x00000000d5580000,0x00000000d5580000,0x00000000d5800000)
  from space 512K, 84% used [0x00000000d5c00000,0x00000000d5c6c010,0x00000000d5c80000)
  to   space 512K, 0% used [0x00000000d5b80000,0x00000000d5b80000,0x00000000d5c00000)
 ParOldGen       total 380416K, used 379943K [0x0000000080000000, 0x0000000097380000, 0x00000000d5580000)
  object space 380416K, 99% used [0x0000000080000000,0x0000000097309d78,0x0000000097380000)
 Metaspace       used 81053K, committed 82624K, reserved 1179648K
  class space    used 8306K, committed 8960K, reserved 1048576K
}
Event: 87041.143 GC heap before
{Heap before GC invocations=693 (full 4):
 PSYoungGen      total 3072K, used 2992K [0x00000000d5580000, 0x00000000d5c80000, 0x0000000100000000)
  eden space 2560K, 100% used [0x00000000d5580000,0x00000000d5800000,0x00000000d5800000)
  from space 512K, 84% used [0x00000000d5c00000,0x00000000d5c6c010,0x00000000d5c80000)
  to   space 512K, 0% used [0x00000000d5b80000,0x00000000d5b80000,0x00000000d5c00000)
 ParOldGen       total 380416K, used 379943K [0x0000000080000000, 0x0000000097380000, 0x00000000d5580000)
  object space 380416K, 99% used [0x0000000080000000,0x0000000097309d78,0x0000000097380000)
 Metaspace       used 81061K, committed 82624K, reserved 1179648K
  class space    used 8306K, committed 8960K, reserved 1048576K
}
Event: 87041.146 GC heap after
{Heap after GC invocations=693 (full 4):
 PSYoungGen      total 3072K, used 352K [0x00000000d5580000, 0x00000000d5c80000, 0x0000000100000000)
  eden space 2560K, 0% used [0x00000000d5580000,0x00000000d5580000,0x00000000d5800000)
  from space 512K, 68% used [0x00000000d5b80000,0x00000000d5bd8020,0x00000000d5c00000)
  to   space 512K, 0% used [0x00000000d5c00000,0x00000000d5c00000,0x00000000d5c80000)
 ParOldGen       total 380416K, used 379943K [0x0000000080000000, 0x0000000097380000, 0x00000000d5580000)
  object space 380416K, 99% used [0x0000000080000000,0x0000000097309d78,0x0000000097380000)
 Metaspace       used 81061K, committed 82624K, reserved 1179648K
  class space    used 8306K, committed 8960K, reserved 1048576K
}
Event: 87045.042 GC heap before
{Heap before GC invocations=694 (full 4):
 PSYoungGen      total 3072K, used 2912K [0x00000000d5580000, 0x00000000d5c80000, 0x0000000100000000)
  eden space 2560K, 100% used [0x00000000d5580000,0x00000000d5800000,0x00000000d5800000)
  from space 512K, 68% used [0x00000000d5b80000,0x00000000d5bd8020,0x00000000d5c00000)
  to   space 512K, 0% used [0x00000000d5c00000,0x00000000d5c00000,0x00000000d5c80000)
 ParOldGen       total 380416K, used 379943K [0x0000000080000000, 0x0000000097380000, 0x00000000d5580000)
  object space 380416K, 99% used [0x0000000080000000,0x0000000097309d78,0x0000000097380000)
 Metaspace       used 81062K, committed 82624K, reserved 1179648K
  class space    used 8306K, committed 8960K, reserved 1048576K
}
Event: 87045.044 GC heap after
{Heap after GC invocations=694 (full 4):
 PSYoungGen      total 3072K, used 224K [0x00000000d5580000, 0x00000000d5c80000, 0x0000000100000000)
  eden space 2560K, 0% used [0x00000000d5580000,0x00000000d5580000,0x00000000d5800000)
  from space 512K, 43% used [0x00000000d5c00000,0x00000000d5c38000,0x00000000d5c80000)
  to   space 512K, 0% used [0x00000000d5b80000,0x00000000d5b80000,0x00000000d5c00000)
 ParOldGen       total 380416K, used 379999K [0x0000000080000000, 0x0000000097380000, 0x00000000d5580000)
  object space 380416K, 99% used [0x0000000080000000,0x0000000097317d78,0x0000000097380000)
 Metaspace       used 81062K, committed 82624K, reserved 1179648K
  class space    used 8306K, committed 8960K, reserved 1048576K
}

Dll operation events (12 events):
Event: 0.010 Loaded shared library c:\Users\Kushumita Mahato\.vscode\extensions\redhat.java-1.53.0-win32-x64\jre\21.0.10-win32-x86_64\bin\java.dll
Event: 0.072 Loaded shared library c:\Users\Kushumita Mahato\.vscode\extensions\redhat.java-1.53.0-win32-x64\jre\21.0.10-win32-x86_64\bin\zip.dll
Event: 0.095 Loaded shared library C:\Users\Kushumita Mahato\.vscode\extensions\redhat.java-1.53.0-win32-x64\jre\21.0.10-win32-x86_64\bin\instrument.dll
Event: 0.102 Loaded shared library C:\Users\Kushumita Mahato\.vscode\extensions\redhat.java-1.53.0-win32-x64\jre\21.0.10-win32-x86_64\bin\net.dll
Event: 0.105 Loaded shared library C:\Users\Kushumita Mahato\.vscode\extensions\redhat.java-1.53.0-win32-x64\jre\21.0.10-win32-x86_64\bin\nio.dll
Event: 0.109 Loaded shared library C:\Users\Kushumita Mahato\.vscode\extensions\redhat.java-1.53.0-win32-x64\jre\21.0.10-win32-x86_64\bin\zip.dll
Event: 0.128 Loaded shared library C:\Users\Kushumita Mahato\.vscode\extensions\redhat.java-1.53.0-win32-x64\jre\21.0.10-win32-x86_64\bin\jimage.dll
Event: 0.212 Loaded shared library c:\Users\Kushumita Mahato\.vscode\extensions\redhat.java-1.53.0-win32-x64\jre\21.0.10-win32-x86_64\bin\verify.dll
Event: 1.791 Loaded shared library C:\Users\Kushumita Mahato\AppData\Roaming\Code\User\globalStorage\redhat.java\1.53.0\config_win\org.eclipse.equinox.launcher\org.eclipse.equinox.launcher.win32.win32.x86_64_1.3.0.v20260203-2149\eclipse_11919.dll
Event: 4.669 Loaded shared library C:\Users\Kushumita Mahato\AppData\Local\Temp\jna-1335386921\jna2724652553134295152.dll
Event: 7.781 Loaded shared library C:\Users\Kushumita Mahato\.vscode\extensions\redhat.java-1.53.0-win32-x64\jre\21.0.10-win32-x86_64\bin\sunmscapi.dll
Event: 7.943 Loaded shared library C:\Users\Kushumita Mahato\.vscode\extensions\redhat.java-1.53.0-win32-x64\jre\21.0.10-win32-x86_64\bin\extnet.dll

Deoptimization events (20 events):
Event: 87034.996 Thread 0x000001aa87ef1390 Uncommon trap: trap_request=0xffffffde fr.pc=0x000001aab0dc6fb8 relative=0x0000000000001998
Event: 87034.996 Thread 0x000001aa87ef1390 Uncommon trap: reason=class_check action=maybe_recompile pc=0x000001aab0dc6fb8 method=org.eclipse.jdt.internal.compiler.parser.Parser.consumeRule(I)V @ 6467 c2
Event: 87034.998 Thread 0x000001aa87ef1390 DEOPT PACKING pc=0x000001aab0dc6fb8 sp=0x00000093325fe9f0
Event: 87034.999 Thread 0x000001aa87ef1390 DEOPT UNPACKING pc=0x000001aaafab3aa2 sp=0x00000093325fe978 mode 2
Event: 87035.171 Thread 0x000001aa87ef68e0 Uncommon trap: trap_request=0xffffffde fr.pc=0x000001aab0dc6fb8 relative=0x0000000000001998
Event: 87035.171 Thread 0x000001aa87ef68e0 Uncommon trap: reason=class_check action=maybe_recompile pc=0x000001aab0dc6fb8 method=org.eclipse.jdt.internal.compiler.parser.Parser.consumeRule(I)V @ 6467 c2
Event: 87035.171 Thread 0x000001aa87ef68e0 DEOPT PACKING pc=0x000001aab0dc6fb8 sp=0x00000093351fdc70
Event: 87035.171 Thread 0x000001aa87ef68e0 DEOPT UNPACKING pc=0x000001aaafab3aa2 sp=0x00000093351fdbf8 mode 2
Event: 87035.474 Thread 0x000001aa87ef2dd0 Uncommon trap: trap_request=0xffffff6e fr.pc=0x000001aab0e6678c relative=0x00000000000005ac
Event: 87035.474 Thread 0x000001aa87ef2dd0 Uncommon trap: reason=loop_limit_check action=maybe_recompile pc=0x000001aab0e6678c method=org.eclipse.jdt.internal.compiler.parser.Parser.constructTypeReference(I)Lorg/eclipse/jdt/internal/compiler/ast/TypeReference; @ 546 c2
Event: 87035.474 Thread 0x000001aa87ef2dd0 DEOPT PACKING pc=0x000001aab0e6678c sp=0x00000093347fe480
Event: 87035.476 Thread 0x000001aa87ef2dd0 DEOPT UNPACKING pc=0x000001aaafab3aa2 sp=0x00000093347fe410 mode 2
Event: 87039.474 Thread 0x000001aa87ef1a20 Uncommon trap: trap_request=0xffffffde fr.pc=0x000001aab0e6c8f0 relative=0x0000000000001a30
Event: 87039.474 Thread 0x000001aa87ef1a20 Uncommon trap: reason=class_check action=maybe_recompile pc=0x000001aab0e6c8f0 method=org.eclipse.jdt.internal.compiler.parser.Parser.consumeRule(I)V @ 6315 c2
Event: 87039.474 Thread 0x000001aa87ef1a20 DEOPT PACKING pc=0x000001aab0e6c8f0 sp=0x00000093327fe890
Event: 87039.475 Thread 0x000001aa87ef1a20 DEOPT UNPACKING pc=0x000001aaafab3aa2 sp=0x00000093327fe818 mode 2
Event: 87039.632 Thread 0x000001aa87ef1390 Uncommon trap: trap_request=0xffffffde fr.pc=0x000001aab0e6c8f0 relative=0x0000000000001a30
Event: 87039.632 Thread 0x000001aa87ef1390 Uncommon trap: reason=class_check action=maybe_recompile pc=0x000001aab0e6c8f0 method=org.eclipse.jdt.internal.compiler.parser.Parser.consumeRule(I)V @ 6315 c2
Event: 87039.632 Thread 0x000001aa87ef1390 DEOPT PACKING pc=0x000001aab0e6c8f0 sp=0x00000093325feaa0
Event: 87039.633 Thread 0x000001aa87ef1390 DEOPT UNPACKING pc=0x000001aaafab3aa2 sp=0x00000093325fea28 mode 2

Classes loaded (20 events):
Event: 85061.775 Loading class java/util/stream/DistinctOps$1
Event: 85061.782 Loading class java/util/stream/DistinctOps$1 done
Event: 85061.793 Loading class java/util/stream/DistinctOps$1$2
Event: 85061.794 Loading class java/util/stream/DistinctOps$1$2 done
Event: 85063.537 Loading class java/util/stream/ReduceOps$5
Event: 85063.539 Loading class java/util/stream/ReduceOps$5 done
Event: 85063.539 Loading class java/util/stream/ReduceOps$CountingSink$OfRef
Event: 85063.540 Loading class java/util/stream/ReduceOps$CountingSink
Event: 85063.541 Loading class java/util/stream/ReduceOps$CountingSink done
Event: 85063.541 Loading class java/util/stream/ReduceOps$CountingSink$OfRef done
Event: 85707.816 Loading class java/util/function/IntPredicate
Event: 85707.819 Loading class java/util/function/IntPredicate done
Event: 85707.900 Loading class java/util/regex/Pattern$Bound
Event: 85707.902 Loading class java/util/regex/Pattern$Bound done
Event: 86943.595 Loading class java/util/regex/Pattern$Behind
Event: 86943.596 Loading class java/util/regex/Pattern$Behind done
Event: 86943.599 Loading class java/util/regex/Pattern$Neg
Event: 86943.600 Loading class java/util/regex/Pattern$Neg done
Event: 86949.723 Loading class java/nio/channels/CompletionHandler
Event: 86949.725 Loading class java/nio/channels/CompletionHandler done

Classes unloaded (20 events):
Event: 86002.029 Thread 0x000001aaa53ee960 Unloading class 0x000001aabd016400 'java/lang/invoke/LambdaForm$MH+0x000001aabd016400'
Event: 86002.029 Thread 0x000001aaa53ee960 Unloading class 0x000001aabd00d800 'java/lang/invoke/LambdaForm$MH+0x000001aabd00d800'
Event: 86002.029 Thread 0x000001aaa53ee960 Unloading class 0x000001aabd00d400 'java/lang/invoke/LambdaForm$MH+0x000001aabd00d400'
Event: 86002.029 Thread 0x000001aaa53ee960 Unloading class 0x000001aabd00d000 'java/lang/invoke/LambdaForm$MH+0x000001aabd00d000'
Event: 86002.029 Thread 0x000001aaa53ee960 Unloading class 0x000001aabd00cc00 'java/lang/invoke/LambdaForm$MH+0x000001aabd00cc00'
Event: 86002.030 Thread 0x000001aaa53ee960 Unloading class 0x000001aabd00c800 'java/lang/invoke/LambdaForm$BMH+0x000001aabd00c800'
Event: 86002.030 Thread 0x000001aaa53ee960 Unloading class 0x000001aabd00c000 'java/lang/invoke/LambdaForm$DMH+0x000001aabd00c000'
Event: 86002.030 Thread 0x000001aaa53ee960 Unloading class 0x000001aabd008c00 'java/lang/invoke/LambdaForm$MH+0x000001aabd008c00'
Event: 86002.030 Thread 0x000001aaa53ee960 Unloading class 0x000001aabd008800 'java/lang/invoke/LambdaForm$MH+0x000001aabd008800'
Event: 86002.030 Thread 0x000001aaa53ee960 Unloading class 0x000001aabd008400 'java/lang/invoke/LambdaForm$MH+0x000001aabd008400'
Event: 86002.030 Thread 0x000001aaa53ee960 Unloading class 0x000001aabd007000 'java/lang/invoke/LambdaForm$MH+0x000001aabd007000'
Event: 86002.030 Thread 0x000001aaa53ee960 Unloading class 0x000001aabd006c00 'java/lang/invoke/LambdaForm$MH+0x000001aabd006c00'
Event: 86002.030 Thread 0x000001aaa53ee960 Unloading class 0x000001aabd006800 'java/lang/invoke/LambdaForm$MH+0x000001aabd006800'
Event: 86002.031 Thread 0x000001aaa53ee960 Unloading class 0x000001aabd006400 'java/lang/invoke/LambdaForm$MH+0x000001aabd006400'
Event: 86002.031 Thread 0x000001aaa53ee960 Unloading class 0x000001aabd005c00 'java/lang/invoke/LambdaForm$BMH+0x000001aabd005c00'
Event: 86002.031 Thread 0x000001aaa53ee960 Unloading class 0x000001aabd004800 'java/lang/invoke/LambdaForm$DMH+0x000001aabd004800'
Event: 86002.031 Thread 0x000001aaa53ee960 Unloading class 0x000001aabd002800 'java/lang/invoke/LambdaForm$MH+0x000001aabd002800'
Event: 86002.031 Thread 0x000001aaa53ee960 Unloading class 0x000001aabd002400 'java/lang/invoke/LambdaForm$MH+0x000001aabd002400'
Event: 86002.031 Thread 0x000001aaa53ee960 Unloading class 0x000001aabd002000 'java/lang/invoke/LambdaForm$MH+0x000001aabd002000'
Event: 86002.031 Thread 0x000001aaa53ee960 Unloading class 0x000001aabd001800 'java/lang/invoke/LambdaForm$MH+0x000001aabd001800'

Classes redefined (0 events):
No events

Internal exceptions (20 events):
Event: 86941.086 Thread 0x000001aa8625d3d0 Exception <a 'java/lang/ArrayIndexOutOfBoundsException'{0x00000000d5679868}: Index 353 out of bounds for length 353> (0x00000000d5679868) 
thrown [s\src\hotspot\share\interpreter\interpreterRuntime.cpp, line 439]
Event: 86941.087 Thread 0x000001aa8625d3d0 Exception <a 'java/lang/ArrayIndexOutOfBoundsException'{0x00000000d567a100}: Index 353 out of bounds for length 353> (0x00000000d567a100) 
thrown [s\src\hotspot\share\interpreter\interpreterRuntime.cpp, line 439]
Event: 86941.087 Thread 0x000001aa8625d3d0 Exception <a 'java/lang/ArrayIndexOutOfBoundsException'{0x00000000d567a488}: Index 354 out of bounds for length 353> (0x00000000d567a488) 
thrown [s\src\hotspot\share\interpreter\interpreterRuntime.cpp, line 439]
Event: 86942.895 Thread 0x000001aa8625d3d0 Implicit null exception at 0x000001aab0cab699 to 0x000001aab0cab878
Event: 86942.919 Thread 0x000001aa8625d3d0 Implicit null exception at 0x000001aab049310e to 0x000001aab04931a8
Event: 86943.227 Thread 0x000001aa8625d3d0 Implicit null exception at 0x000001aab0603239 to 0x000001aab06034a4
Event: 86943.290 Thread 0x000001aa8625d3d0 Exception <a 'java/lang/NoSuchMethodError'{0x00000000d55eb598}: 'void java.lang.invoke.DirectMethodHandle$Holder.invokeSpecial(java.lang.Object, java.lang.Object, int)'> (0x00000000d55eb598) 
thrown [s\src\hotspot\share\interpreter\linkResolver.cpp, line 773]
Event: 86943.864 Thread 0x000001aa8625d3d0 Implicit null exception at 0x000001aab0c22cbe to 0x000001aab0c26f20
Event: 86943.903 Thread 0x000001aa8625d3d0 Exception <a 'java/lang/NoSuchMethodError'{0x00000000d5674620}: 'int java.lang.invoke.DirectMethodHandle$Holder.invokeVirtual(java.lang.Object, java.lang.Object, java.lang.Object, int)'> (0x00000000d5674620) 
thrown [s\src\hotspot\share\interpreter\linkResolver.cpp, line 773]
Event: 86943.903 Thread 0x000001aa8625d3d0 Implicit null exception at 0x000001aab064a62b to 0x000001aab064b15c
Event: 86944.206 Thread 0x000001aa8625d3d0 Exception <a 'java/lang/ArrayIndexOutOfBoundsException'{0x00000000d55abf38}: Index 355 out of bounds for length 355> (0x00000000d55abf38) 
thrown [s\src\hotspot\share\interpreter\interpreterRuntime.cpp, line 439]
Event: 86944.206 Thread 0x000001aa8625d3d0 Exception <a 'java/lang/ArrayIndexOutOfBoundsException'{0x00000000d55ac570}: Index 355 out of bounds for length 355> (0x00000000d55ac570) 
thrown [s\src\hotspot\share\interpreter\interpreterRuntime.cpp, line 439]
Event: 86944.206 Thread 0x000001aa8625d3d0 Exception <a 'java/lang/ArrayIndexOutOfBoundsException'{0x00000000d55ac8f8}: Index 356 out of bounds for length 355> (0x00000000d55ac8f8) 
thrown [s\src\hotspot\share\interpreter\interpreterRuntime.cpp, line 439]
Event: 86944.300 Thread 0x000001aa8625d3d0 Exception <a 'java/lang/ArrayIndexOutOfBoundsException'{0x00000000d569fd58}> (0x00000000d569fd58) 
thrown [s\src\hotspot\share\runtime\sharedRuntime.cpp, line 625]
Event: 86944.300 Thread 0x000001aa8625d3d0 Exception <a 'java/lang/ArrayIndexOutOfBoundsException'{0x00000000d56a0390}> (0x00000000d56a0390) 
thrown [s\src\hotspot\share\runtime\sharedRuntime.cpp, line 625]
Event: 86944.300 Thread 0x000001aa8625d3d0 Exception <a 'java/lang/ArrayIndexOutOfBoundsException'{0x00000000d56a0718}> (0x00000000d56a0718) 
thrown [s\src\hotspot\share\runtime\sharedRuntime.cpp, line 625]
Event: 87020.101 Thread 0x000001aa844501a0 Exception <a 'sun/nio/fs/WindowsException'{0x00000000d56ab3e0}> (0x00000000d56ab3e0) 
thrown [s\src\hotspot\share\prims\jni.cpp, line 520]
Event: 87020.540 Thread 0x000001aa844501a0 Exception <a 'sun/nio/fs/WindowsException'{0x00000000d569e0a8}> (0x00000000d569e0a8) 
thrown [s\src\hotspot\share\prims\jni.cpp, line 520]
Event: 87025.430 Thread 0x000001aa844501a0 Exception <a 'sun/nio/fs/WindowsException'{0x00000000d5694388}> (0x00000000d5694388) 
thrown [s\src\hotspot\share\prims\jni.cpp, line 520]
Event: 87025.667 Thread 0x000001aa844501a0 Exception <a 'sun/nio/fs/WindowsException'{0x00000000d55870e0}> (0x00000000d55870e0) 
thrown [s\src\hotspot\share\prims\jni.cpp, line 520]

ZGC Phase Switch (0 events):
No events

VM Operations (20 events):
Event: 94310.274 Executing non-safepoint VM operation: HandshakeAllThreads (HandshakeForDeflation)
Event: 94310.274 Executing non-safepoint VM operation: HandshakeAllThreads (HandshakeForDeflation) done
Event: 94310.274 Executing non-safepoint VM operation: RendezvousGCThreads
Event: 94310.274 Executing non-safepoint VM operation: RendezvousGCThreads done
Event: 94370.429 Executing non-safepoint VM operation: HandshakeAllThreads (HandshakeForDeflation)
Event: 94370.429 Executing non-safepoint VM operation: HandshakeAllThreads (HandshakeForDeflation) done
Event: 94370.429 Executing non-safepoint VM operation: RendezvousGCThreads
Event: 94370.429 Executing non-safepoint VM operation: RendezvousGCThreads done
Event: 94490.600 Executing non-safepoint VM operation: HandshakeAllThreads (HandshakeForDeflation)
Event: 94490.603 Executing non-safepoint VM operation: HandshakeAllThreads (HandshakeForDeflation) done
Event: 94490.603 Executing non-safepoint VM operation: RendezvousGCThreads
Event: 94490.603 Executing non-safepoint VM operation: RendezvousGCThreads done
Event: 94550.754 Executing non-safepoint VM operation: HandshakeAllThreads (HandshakeForDeflation)
Event: 94550.754 Executing non-safepoint VM operation: HandshakeAllThreads (HandshakeForDeflation) done
Event: 94550.754 Executing non-safepoint VM operation: RendezvousGCThreads
Event: 94550.754 Executing non-safepoint VM operation: RendezvousGCThreads done
Event: 94610.924 Executing non-safepoint VM operation: HandshakeAllThreads (HandshakeForDeflation)
Event: 94610.929 Executing non-safepoint VM operation: HandshakeAllThreads (HandshakeForDeflation) done
Event: 94610.930 Executing non-safepoint VM operation: RendezvousGCThreads
Event: 94610.930 Executing non-safepoint VM operation: RendezvousGCThreads done

Memory protections (0 events):
No events

Nmethod flushes (20 events):
Event: 86003.049 Thread 0x000001aaa53ee960 flushing  nmethod 0x000001aaa912fe10
Event: 86003.049 Thread 0x000001aaa53ee960 flushing osr nmethod 0x000001aaa9139390
Event: 86003.049 Thread 0x000001aaa53ee960 flushing  nmethod 0x000001aaa916bc90
Event: 86003.050 Thread 0x000001aaa53ee960 flushing  nmethod 0x000001aaa918e290
Event: 86003.050 Thread 0x000001aaa53ee960 flushing  nmethod 0x000001aaa918f210
Event: 86003.050 Thread 0x000001aaa53ee960 flushing  nmethod 0x000001aaa9190390
Event: 86003.050 Thread 0x000001aaa53ee960 flushing  nmethod 0x000001aaa9191510
Event: 86003.050 Thread 0x000001aaa53ee960 flushing  nmethod 0x000001aaa9193d10
Event: 86003.051 Thread 0x000001aaa53ee960 flushing  nmethod 0x000001aaa9196a10
Event: 86003.051 Thread 0x000001aaa53ee960 flushing  nmethod 0x000001aaa920cf90
Event: 86003.051 Thread 0x000001aaa53ee960 flushing  nmethod 0x000001aaa920e390
Event: 86003.051 Thread 0x000001aaa53ee960 flushing  nmethod 0x000001aaa920e790
Event: 86003.051 Thread 0x000001aaa53ee960 flushing  nmethod 0x000001aaa9269c90
Event: 86003.051 Thread 0x000001aaa53ee960 flushing  nmethod 0x000001aaa92add90
Event: 86003.051 Thread 0x000001aaa53ee960 flushing  nmethod 0x000001aaa9328790
Event: 86003.051 Thread 0x000001aaa53ee960 flushing osr nmethod 0x000001aaa933ea10
Event: 86003.051 Thread 0x000001aaa53ee960 flushing  nmethod 0x000001aaa9342610
Event: 86003.051 Thread 0x000001aaa53ee960 flushing  nmethod 0x000001aaa934ac10
Event: 86003.051 Thread 0x000001aaa53ee960 flushing  nmethod 0x000001aaa936ab90
Event: 86003.052 Thread 0x000001aaa53ee960 flushing osr nmethod 0x000001aaa9390890

Events (20 events):
Event: 87030.894 Thread 0x000001aa87ef20b0 Thread added: 0x000001aa87ef2dd0
Event: 87079.570 Thread 0x000001aa85e6e740 Thread exited: 0x000001aa85e6e740
Event: 87105.053 Thread 0x000001aa87ef3460 Thread exited: 0x000001aa87ef3460
Event: 87139.201 Thread 0x000001aa87ef2dd0 Thread exited: 0x000001aa87ef2dd0
Event: 87139.204 Thread 0x000001aa87ef1a20 Thread exited: 0x000001aa87ef1a20
Event: 87171.580 Thread 0x000001aa87ef68e0 Thread exited: 0x000001aa87ef68e0
Event: 87217.720 Thread 0x000001aa87ef20b0 Thread added: 0x000001aa87ef2dd0
Event: 87217.738 Thread 0x000001aa87ef2dd0 Thread exited: 0x000001aa87ef2dd0
Event: 87217.772 Thread 0x000001aa87ef20b0 Thread added: 0x000001aa87ef2dd0
Event: 87217.777 Thread 0x000001aa87ef2dd0 Thread added: 0x000001aa87ef1a20
Event: 87217.779 Thread 0x000001aa87ef2dd0 Thread added: 0x000001aa87ef68e0
Event: 87217.785 Thread 0x000001aa87ef2dd0 Thread exited: 0x000001aa87ef2dd0
Event: 87217.785 Thread 0x000001aa87ef68e0 Thread exited: 0x000001aa87ef68e0
Event: 87217.786 Thread 0x000001aa87ef1a20 Thread exited: 0x000001aa87ef1a20
Event: 87231.593 Thread 0x000001aa8514c680 Thread exited: 0x000001aa8514c680
Event: 87291.643 Thread 0x000001aa87ef2740 Thread exited: 0x000001aa87ef2740
Event: 87351.656 Thread 0x000001aa851477c0 Thread exited: 0x000001aa851477c0
Event: 87411.661 Thread 0x000001aa87ef5530 Thread exited: 0x000001aa87ef5530
Event: 87471.665 Thread 0x000001aa8514b960 Thread exited: 0x000001aa8514b960
Event: 87531.690 Thread 0x000001aa87ef4ea0 Thread exited: 0x000001aa87ef4ea0


Dynamic libraries:
0x00007ff697cc0000 - 0x00007ff697cce000 	c:\Users\Kushumita Mahato\.vscode\extensions\redhat.java-1.53.0-win32-x64\jre\21.0.10-win32-x86_64\bin\java.exe
0x00007ffefe0e0000 - 0x00007ffefe347000 	C:\WINDOWS\SYSTEM32\ntdll.dll
0x00007ffefdb00000 - 0x00007ffefdbc9000 	C:\WINDOWS\System32\KERNEL32.DLL
0x00007ffefb710000 - 0x00007ffefbb01000 	C:\WINDOWS\System32\KERNELBASE.dll
0x00007ffefbd30000 - 0x00007ffefbe7b000 	C:\WINDOWS\System32\ucrtbase.dll
0x00007ffef0600000 - 0x00007ffef0618000 	c:\Users\Kushumita Mahato\.vscode\extensions\redhat.java-1.53.0-win32-x64\jre\21.0.10-win32-x86_64\bin\jli.dll
0x00007ffef0630000 - 0x00007ffef064e000 	c:\Users\Kushumita Mahato\.vscode\extensions\redhat.java-1.53.0-win32-x64\jre\21.0.10-win32-x86_64\bin\VCRUNTIME140.dll
0x00007ffefc950000 - 0x00007ffefcb15000 	C:\WINDOWS\System32\USER32.dll
0x00007ffefaa50000 - 0x00007ffefaa77000 	C:\WINDOWS\System32\win32u.dll
0x00007ffee9ae0000 - 0x00007ffee9d73000 	C:\WINDOWS\WinSxS\amd64_microsoft.windows.common-controls_6595b64144ccf1df_6.0.26100.7922_none_3e089e1ee3342171\COMCTL32.dll
0x00007ffefc920000 - 0x00007ffefc94b000 	C:\WINDOWS\System32\GDI32.dll
0x00007ffefbf00000 - 0x00007ffefbfa9000 	C:\WINDOWS\System32\msvcrt.dll
0x00007ffefb5e0000 - 0x00007ffefb70a000 	C:\WINDOWS\System32\gdi32full.dll
0x00007ffefbb10000 - 0x00007ffefbbb3000 	C:\WINDOWS\System32\msvcp_win.dll
0x00007ffefded0000 - 0x00007ffefdf01000 	C:\WINDOWS\System32\IMM32.DLL
0x00007ffef0670000 - 0x00007ffef067c000 	c:\Users\Kushumita Mahato\.vscode\extensions\redhat.java-1.53.0-win32-x64\jre\21.0.10-win32-x86_64\bin\vcruntime140_1.dll
0x00007ffe85930000 - 0x00007ffe859bd000 	c:\Users\Kushumita Mahato\.vscode\extensions\redhat.java-1.53.0-win32-x64\jre\21.0.10-win32-x86_64\bin\msvcp140.dll
0x00007ffe2ab60000 - 0x00007ffe2b901000 	c:\Users\Kushumita Mahato\.vscode\extensions\redhat.java-1.53.0-win32-x64\jre\21.0.10-win32-x86_64\bin\server\jvm.dll
0x00007ffefcb20000 - 0x00007ffefcbdb000 	C:\WINDOWS\System32\ADVAPI32.dll
0x00007ffefd860000 - 0x00007ffefd907000 	C:\WINDOWS\System32\sechost.dll
0x00007ffefce70000 - 0x00007ffefcf88000 	C:\WINDOWS\System32\RPCRT4.dll
0x00007ffefbe80000 - 0x00007ffefbef4000 	C:\WINDOWS\System32\WS2_32.dll
0x00007ffefa820000 - 0x00007ffefa87e000 	C:\WINDOWS\SYSTEM32\POWRPROF.dll
0x00007ffef3bb0000 - 0x00007ffef3be5000 	C:\WINDOWS\SYSTEM32\WINMM.dll
0x00007ffef3c90000 - 0x00007ffef3c9b000 	C:\WINDOWS\SYSTEM32\VERSION.dll
0x00007ffefa800000 - 0x00007ffefa814000 	C:\WINDOWS\SYSTEM32\UMPDC.dll
0x00007ffef9750000 - 0x00007ffef976b000 	C:\WINDOWS\SYSTEM32\kernel.appcore.dll
0x00007ffeec480000 - 0x00007ffeec48a000 	c:\Users\Kushumita Mahato\.vscode\extensions\redhat.java-1.53.0-win32-x64\jre\21.0.10-win32-x86_64\bin\jimage.dll
0x00007ffeed850000 - 0x00007ffeeda92000 	C:\WINDOWS\SYSTEM32\DBGHELP.DLL
0x00007ffefc440000 - 0x00007ffefc7c2000 	C:\WINDOWS\System32\combase.dll
0x00007ffefcf90000 - 0x00007ffefd067000 	C:\WINDOWS\System32\OLEAUT32.dll
0x00007ffed0870000 - 0x00007ffed08ab000 	C:\WINDOWS\SYSTEM32\dbgcore.DLL
0x00007ffefac00000 - 0x00007ffefaca5000 	C:\WINDOWS\System32\bcryptPrimitives.dll
0x00007ffeec490000 - 0x00007ffeec49f000 	c:\Users\Kushumita Mahato\.vscode\extensions\redhat.java-1.53.0-win32-x64\jre\21.0.10-win32-x86_64\bin\instrument.dll
0x00007ffeba7e0000 - 0x00007ffeba800000 	c:\Users\Kushumita Mahato\.vscode\extensions\redhat.java-1.53.0-win32-x64\jre\21.0.10-win32-x86_64\bin\java.dll
0x00007ffefd070000 - 0x00007ffefd7cf000 	C:\WINDOWS\System32\SHELL32.dll
0x00007ffefbbc0000 - 0x00007ffefbd2a000 	C:\WINDOWS\System32\wintypes.dll
0x00007ffefad70000 - 0x00007ffefb5d4000 	C:\WINDOWS\System32\windows.storage.dll
0x00007ffefddd0000 - 0x00007ffefdec7000 	C:\WINDOWS\System32\SHCORE.dll
0x00007ffefd7f0000 - 0x00007ffefd857000 	C:\WINDOWS\System32\shlwapi.dll
0x00007ffefa8e0000 - 0x00007ffefa909000 	C:\WINDOWS\SYSTEM32\profapi.dll
0x00007ffeba2f0000 - 0x00007ffeba308000 	c:\Users\Kushumita Mahato\.vscode\extensions\redhat.java-1.53.0-win32-x64\jre\21.0.10-win32-x86_64\bin\zip.dll
0x00007ffecf2e0000 - 0x00007ffecf2f0000 	C:\Users\Kushumita Mahato\.vscode\extensions\redhat.java-1.53.0-win32-x64\jre\21.0.10-win32-x86_64\bin\net.dll
0x00007ffef4570000 - 0x00007ffef4697000 	C:\WINDOWS\SYSTEM32\WINHTTP.dll
0x00007ffef9cc0000 - 0x00007ffef9d2b000 	C:\WINDOWS\system32\mswsock.dll
0x00007ffeb72c0000 - 0x00007ffeb72d6000 	C:\Users\Kushumita Mahato\.vscode\extensions\redhat.java-1.53.0-win32-x64\jre\21.0.10-win32-x86_64\bin\nio.dll
0x00007ffecc560000 - 0x00007ffecc570000 	c:\Users\Kushumita Mahato\.vscode\extensions\redhat.java-1.53.0-win32-x64\jre\21.0.10-win32-x86_64\bin\verify.dll
0x00007ffeb0cf0000 - 0x00007ffeb0d35000 	C:\Users\Kushumita Mahato\AppData\Roaming\Code\User\globalStorage\redhat.java\1.53.0\config_win\org.eclipse.equinox.launcher\org.eclipse.equinox.launcher.win32.win32.x86_64_1.3.0.v20260203-2149\eclipse_11919.dll
0x00007ffefcc40000 - 0x00007ffefcdd5000 	C:\WINDOWS\System32\ole32.dll
0x00007ffef9fa0000 - 0x00007ffef9fbb000 	C:\WINDOWS\SYSTEM32\CRYPTSP.dll
0x00007ffef96b0000 - 0x00007ffef96e9000 	C:\WINDOWS\system32\rsaenh.dll
0x00007ffef9d70000 - 0x00007ffef9da2000 	C:\WINDOWS\SYSTEM32\USERENV.dll
0x00007ffefa8b0000 - 0x00007ffefa8da000 	C:\WINDOWS\SYSTEM32\bcrypt.dll
0x00007ffef9fc0000 - 0x00007ffef9fcc000 	C:\WINDOWS\SYSTEM32\CRYPTBASE.dll
0x00007ffef9120000 - 0x00007ffef9153000 	C:\WINDOWS\SYSTEM32\IPHLPAPI.DLL
0x00007ffefe090000 - 0x00007ffefe09a000 	C:\WINDOWS\System32\NSI.dll
0x00007ffecf390000 - 0x00007ffecf3d9000 	C:\Users\Kushumita Mahato\AppData\Local\Temp\jna-1335386921\jna2724652553134295152.dll
0x00007ffefdf10000 - 0x00007ffefdf18000 	C:\WINDOWS\System32\PSAPI.DLL
0x00007ffef4c60000 - 0x00007ffef4c7d000 	C:\WINDOWS\SYSTEM32\dhcpcsvc6.DLL
0x00007ffef4c30000 - 0x00007ffef4c53000 	C:\WINDOWS\SYSTEM32\dhcpcsvc.DLL
0x00007ffec4ec0000 - 0x00007ffec4ece000 	C:\Users\Kushumita Mahato\.vscode\extensions\redhat.java-1.53.0-win32-x64\jre\21.0.10-win32-x86_64\bin\sunmscapi.dll
0x00007ffefaa80000 - 0x00007ffefabf7000 	C:\WINDOWS\System32\CRYPT32.dll
0x00007ffefa1c0000 - 0x00007ffefa1f0000 	C:\WINDOWS\SYSTEM32\ncrypt.dll
0x00007ffefa170000 - 0x00007ffefa1af000 	C:\WINDOWS\SYSTEM32\NTASN1.dll
0x00007ffef91b0000 - 0x00007ffef92da000 	C:\WINDOWS\SYSTEM32\DNSAPI.dll
0x00007ffef3a00000 - 0x00007ffef3a0b000 	C:\Windows\System32\rasadhlp.dll
0x00007ffef56d0000 - 0x00007ffef5756000 	C:\WINDOWS\System32\fwpuclnt.dll
0x00007ffec8f30000 - 0x00007ffec8f39000 	C:\Users\Kushumita Mahato\.vscode\extensions\redhat.java-1.53.0-win32-x64\jre\21.0.10-win32-x86_64\bin\extnet.dll

JVMTI agents:
c:\Users\Kushumita Mahato\.vscode\extensions\redhat.java-1.53.0-win32-x64\lombok\lombok-1.18.39-4050.jar path:c:\Users\Kushumita Mahato\.vscode\extensions\redhat.java-1.53.0-win32-x64\jre\21.0.10-win32-x86_64\bin\instrument.dll, loaded, initialized, instrumentlib options:none

dbghelp: loaded successfully - version: 4.0.5 - missing functions: none
symbol engine: initialized successfully - sym options: 0x614 - pdb path: .;c:\Users\Kushumita Mahato\.vscode\extensions\redhat.java-1.53.0-win32-x64\jre\21.0.10-win32-x86_64\bin;C:\WINDOWS\SYSTEM32;C:\WINDOWS\WinSxS\amd64_microsoft.windows.common-controls_6595b64144ccf1df_6.0.26100.7922_none_3e089e1ee3342171;c:\Users\Kushumita Mahato\.vscode\extensions\redhat.java-1.53.0-win32-x64\jre\21.0.10-win32-x86_64\bin\server;C:\Users\Kushumita Mahato\AppData\Roaming\Code\User\globalStorage\redhat.java\1.53.0\config_win\org.eclipse.equinox.launcher\org.eclipse.equinox.launcher.win32.win32.x86_64_1.3.0.v20260203-2149;C:\Users\Kushumita Mahato\AppData\Local\Temp\jna-1335386921

VM Arguments:
jvm_args: --add-modules=ALL-SYSTEM --add-opens=java.base/java.util=ALL-UNNAMED --add-opens=java.base/java.lang=ALL-UNNAMED --add-opens=java.base/sun.nio.fs=ALL-UNNAMED -Declipse.application=org.eclipse.jdt.ls.core.id1 -Dosgi.bundles.defaultStartLevel=4 -Declipse.product=org.eclipse.jdt.ls.core.product -Djava.import.generatesMetadataFilesAtProjectRoot=false -DDetectVMInstallationsJob.disabled=true -Dfile.encoding=utf8 -XX:+UseParallelGC -XX:GCTimeRatio=4 -XX:AdaptiveSizePolicyWeight=90 -Dsun.zip.disableMemoryMapping=true -Xmx2G -Xms100m -Xlog:disable -javaagent:c:\Users\Kushumita Mahato\.vscode\extensions\redhat.java-1.53.0-win32-x64\lombok\lombok-1.18.39-4050.jar -XX:+HeapDumpOnOutOfMemoryError -XX:HeapDumpPath=c:\Users\Kushumita Mahato\AppData\Roaming\Code\User\workspaceStorage\df64d780199e1b46cc639553fabf9584\redhat.java -Daether.dependencyCollector.impl=bf 
java_command: c:\Users\Kushumita Mahato\.vscode\extensions\redhat.java-1.53.0-win32-x64\server\plugins\org.eclipse.equinox.launcher_1.7.100.v20251111-0406.jar -configuration c:\Users\Kushumita Mahato\AppData\Roaming\Code\User\globalStorage\redhat.java\1.53.0\config_win -data c:\Users\Kushumita Mahato\AppData\Roaming\Code\User\workspaceStorage\df64d780199e1b46cc639553fabf9584\redhat.java\jdt_ws --pipe=\\.\pipe\lsp-35b3a67b9f12ab3adc511258a2b62d5e-sock
java_class_path (initial): c:\Users\Kushumita Mahato\.vscode\extensions\redhat.java-1.53.0-win32-x64\server\plugins\org.eclipse.equinox.launcher_1.7.100.v20251111-0406.jar
Launcher Type: SUN_STANDARD

[Global flags]
    uintx AdaptiveSizePolicyWeight                 = 90                                        {product} {command line}
     intx CICompilerCount                          = 4                                         {product} {ergonomic}
    uintx GCTimeRatio                              = 4                                         {product} {command line}
     bool HeapDumpOnOutOfMemoryError               = true                                   {manageable} {command line}
    ccstr HeapDumpPath                             = c:\Users\Kushumita Mahato\AppData\Roaming\Code\User\workspaceStorage\df64d780199e1b46cc639553fabf9584\redhat.java         {manageable} {command line}
   size_t InitialHeapSize                          = 104857600                                 {product} {command line}
   size_t MaxHeapSize                              = 2147483648                                {product} {command line}
   size_t MaxNewSize                               = 715653120                                 {product} {ergonomic}
   size_t MinHeapDeltaBytes                        = 524288                                    {product} {ergonomic}
   size_t MinHeapSize                              = 104857600                                 {product} {command line}
   size_t NewSize                                  = 34603008                                  {product} {ergonomic}
    uintx NonNMethodCodeHeapSize                   = 5839372                                {pd product} {ergonomic}
    uintx NonProfiledCodeHeapSize                  = 122909434                              {pd product} {ergonomic}
   size_t OldSize                                  = 70254592                                  {product} {ergonomic}
    uintx ProfiledCodeHeapSize                     = 122909434                              {pd product} {ergonomic}
    uintx ReservedCodeCacheSize                    = 251658240                              {pd product} {ergonomic}
     bool SegmentedCodeCache                       = true                                      {product} {ergonomic}
   size_t SoftMaxHeapSize                          = 2147483648                             {manageable} {ergonomic}
     bool UseCompressedOops                        = true                           {product lp64_product} {ergonomic}
     bool UseLargePagesIndividualAllocation        = false                                  {pd product} {ergonomic}
     bool UseParallelGC                            = true                                      {product} {command line}

Logging:
Log output configuration:
 #0: stdout all=off uptime,level,tags foldmultilines=false
 #1: stderr all=off uptime,level,tags foldmultilines=false

Release file:
JAVA_VERSION="21.0.10" 
MODULES="java.base java.compiler java.datatransfer java.xml java.prefs java.desktop java.instrument java.logging java.management java.security.sasl java.naming java.rmi java.management.rmi java.net.http java.scripting java.security.jgss java.transaction.xa java.sql java.sql.rowset java.xml.crypto java.se java.smartcardio jdk.accessibility jdk.internal.jvmstat jdk.attach jdk.charsets jdk.internal.opt jdk.zipfs jdk.compiler jdk.crypto.ec jdk.crypto.cryptoki jdk.crypto.mscapi jdk.dynalink jdk.internal.ed jdk.editpad jdk.hotspot.agent jdk.httpserver jdk.internal.le jdk.internal.vm.ci jdk.internal.vm.compiler jdk.internal.vm.compiler.management jdk.jartool jdk.javadoc jdk.jcmd jdk.management jdk.management.agent jdk.jconsole jdk.jdeps jdk.jdwp.agent jdk.jdi jdk.jfr jdk.jshell jdk.jsobject jdk.jstatd jdk.localedata jdk.management.jfr jdk.naming.dns jdk.naming.rmi jdk.net jdk.nio.mapmode jdk.random jdk.sctp jdk.security.auth jdk.security.jgss jdk.unsupported jdk.unsupported.desktop jdk.xml.dom" 

Environment Variables:
JAVA_HOME=C:\Program Files\Eclipse Adoptium\jdk-17.0.14.7-hotspot\
PATH=C:\Program Files\Eclipse Adoptium\jdk-17.0.14.7-hotspot\bin;C:\WINDOWS\system32;C:\WINDOWS;C:\WINDOWS\System32\Wbem;C:\WINDOWS\System32\WindowsPowerShell\v1.0\;C:\WINDOWS\System32\OpenSSH\;C:\Program Files\dotnet\;C:\Program Files\nodejs\;C:\MinGW\bin;C:\Program Files\Git\cmd;C:\Users\Kushumita Mahato\AppData\Local\Programs\Python\Python310\Scripts\;C:\Users\Kushumita Mahato\AppData\Local\Programs\Python\Python310\;C:\Users\Kushumita Mahato\AppData\Local\Programs\Python\Python313\Scripts\;C:\Users\Kushumita Mahato\AppData\Local\Programs\Python\Python313\;C:\Users\Kushumita Mahato\AppData\Local\Microsoft\WindowsApps;C:\Users\Kushumita Mahato\AppData\Local\Programs\Microsoft VS Code\bin;C:\Users\Kushumita Mahato\AppData\Local\GitHubDesktop\bin;C:\Users\Kushumita Mahato\AppData\Roaming\npm;C:\Program Files\sf\bin
USERNAME=Kushumita Mahato
OS=Windows_NT
PROCESSOR_IDENTIFIER=AMD64 Family 25 Model 80 Stepping 0, AuthenticAMD
TMP=C:\Users\KUSHUM~1\AppData\Local\Temp
TEMP=C:\Users\KUSHUM~1\AppData\Local\Temp




Periodic native trim disabled

---------------  S Y S T E M  ---------------

OS:
 Windows 11 , 64 bit Build 26100 (10.0.26100.7920)
OS uptime: 8 days 1:04 hours
Hyper-V role detected

CPU: total 12 (initial active 12) (12 cores per cpu, 2 threads per core) family 25 model 80 stepping 0 microcode 0xa500014, cx8, cmov, fxsr, ht, mmx, 3dnowpref, sse, sse2, sse3, ssse3, sse4a, sse4.1, sse4.2, popcnt, lzcnt, tsc, tscinvbit, avx, avx2, aes, erms, clmul, bmi1, bmi2, adx, sha, fma, vzeroupper, clflush, clflushopt, hv, rdtscp, rdpid, fsrm, f16c, cet_ss
Processor Information for processor 0
  Max Mhz: 2301, Current Mhz: 2010, Mhz Limit: 2301
Processor Information for processor 1
  Max Mhz: 2301, Current Mhz: 2010, Mhz Limit: 2301
Processor Information for processor 2
  Max Mhz: 2301, Current Mhz: 2301, Mhz Limit: 2301
Processor Information for processor 3
  Max Mhz: 2301, Current Mhz: 2010, Mhz Limit: 2301
Processor Information for processor 4
  Max Mhz: 2301, Current Mhz: 2010, Mhz Limit: 2301
Processor Information for processor 5
  Max Mhz: 2301, Current Mhz: 2301, Mhz Limit: 2301
Processor Information for processor 6
  Max Mhz: 2301, Current Mhz: 2301, Mhz Limit: 2301
Processor Information for processor 7
  Max Mhz: 2301, Current Mhz: 2301, Mhz Limit: 2301
Processor Information for processor 8
  Max Mhz: 2301, Current Mhz: 2010, Mhz Limit: 2301
Processor Information for processor 9
  Max Mhz: 2301, Current Mhz: 2301, Mhz Limit: 2301
Processor Information for processor 10
  Max Mhz: 2301, Current Mhz: 2010, Mhz Limit: 2301
Processor Information for processor 11
  Max Mhz: 2301, Current Mhz: 2301, Mhz Limit: 2301

Memory: 4k page, system-wide physical 7528M (536M free)
TotalPageFile size 31080M (AvailPageFile size 3M)
current process WorkingSet (physical memory assigned to process): 8M, peak: 329M
current process commit charge ("private bytes"): 739M, peak: 742M

vm_info: OpenJDK 64-Bit Server VM (21.0.10+7-LTS) for windows-amd64 JRE (21.0.10+7-LTS), built on 2026-01-20T00:00:00Z by "admin" with MS VC++ 17.12 (VS2022)

END.
